2026-01-31 10:21:21,863 [Worker-3: Loading available Gradle versions] INFO  o.e.b.c.i.u.g.PublishedGradleVersions - Gradle version information cache is not available. Remote download required.
2026-01-31 10:30:04,011 [Worker-1: Loading available Gradle versions] INFO  o.e.b.c.i.u.g.PublishedGradleVersions - Gradle version information cache is up-to-date. Trying to read.
2026-01-31 10:35:07,606 [Worker-1: Loading available Gradle versions] INFO  o.e.b.c.i.u.g.PublishedGradleVersions - Gradle version information cache is up-to-date. Trying to read.
2026-01-31 10:40:20,413 [Worker-1: Loading available Gradle versions] INFO  o.e.b.c.i.u.g.PublishedGradleVersions - Gradle version information cache is up-to-date. Trying to read.
2026-01-31 10:41:30,990 [ForkJoinPool.commonPool-worker-2] ERROR org.eclipse.jgit.util.FS - C:\Users\Roshni\git\hibernate\hibernate-orm\.git\.probe-6b8b745e-d4ab-4dbd-8a25-fb276af34825 (The system cannot find the path specified)
java.io.FileNotFoundException: C:\Users\Roshni\git\hibernate\hibernate-orm\.git\.probe-6b8b745e-d4ab-4dbd-8a25-fb276af34825 (The system cannot find the path specified)
	at java.base/java.io.FileInputStream.open0(Native Method)
	at java.base/java.io.FileInputStream.open(FileInputStream.java:213)
	at java.base/java.io.FileInputStream.<init>(FileInputStream.java:152)
	at org.eclipse.jgit.util.io.SilentFileInputStream.<init>(SilentFileInputStream.java:31)
	at org.eclipse.jgit.util.IO.readFully(IO.java:89)
	at org.eclipse.jgit.util.IO.readFully(IO.java:48)
	at org.eclipse.jgit.util.FS$FileStoreAttributes.read(FS.java:547)
	at org.eclipse.jgit.util.FS$FileStoreAttributes.measureMinimalRacyInterval(FS.java:498)
	at org.eclipse.jgit.util.FS$FileStoreAttributes.lambda$2(FS.java:425)
	at java.base/java.util.concurrent.CompletableFuture$AsyncSupply.run(CompletableFuture.java:1768)
	at java.base/java.util.concurrent.CompletableFuture$AsyncSupply.exec(CompletableFuture.java:1760)
	at java.base/java.util.concurrent.ForkJoinTask.doExec(ForkJoinTask.java:387)
	at java.base/java.util.concurrent.ForkJoinPool$WorkQueue.topLevelExec(ForkJoinPool.java:1312)
	at java.base/java.util.concurrent.ForkJoinPool.scan(ForkJoinPool.java:1843)
	at java.base/java.util.concurrent.ForkJoinPool.runWorker(ForkJoinPool.java:1808)
	at java.base/java.util.concurrent.ForkJoinWorkerThread.run(ForkJoinWorkerThread.java:188)
2026-02-01 19:29:50,788 [Worker-1: Loading available Gradle versions] INFO  o.e.b.c.i.u.g.PublishedGradleVersions - Gradle version information cache is out-of-date. Trying to update.
2026-02-02 10:26:45,149 [Worker-1: Loading available Gradle versions] INFO  o.e.b.c.i.u.g.PublishedGradleVersions - Gradle version information cache is up-to-date. Trying to read.
